<?xml version="1.0" encoding="UTF-8"?>
<!-- Generated by org.testng.reporters.JUnitReportReporter -->
<testsuite hostname="Madhav" failures="0" tests="1" name="testingtng.ftng" time="0.009" errors="0" timestamp="03 Jul 2024 13:25:06 GMT" skipped="0">
  <testcase classname="testingtng.ftng" name="test" time="0.009"/>
</testsuite> <!-- testingtng.ftng -->
